<?xml version="1.0" encoding="UTF-8"?>
<testsuite xmlns:xsi="http://www.w3.org/2001/XMLSchema-instance" xsi:noNamespaceSchemaLocation="https://maven.apache.org/surefire/maven-surefire-plugin/xsd/surefire-test-report-3.0.xsd" version="3.0" name="com.prt.skilltechera.LoginregistrationApplicationTests" time="3.426" tests="1" errors="0" skipped="0" failures="0">
  <properties>
[...]
</properties>
  <testcase name="contextLoads" classname="com.prt.skilltechera.LoginregistrationApplicationTests" time="0.016">
    <system-out><![CDATA[17:12:42.564 [main] DEBUG org.springframework.test.context.BootstrapUtils - Instantiating CacheAwareContextLoaderDelegate from class [org.springframework.test.context.cache.DefaultCacheAwareContextLoaderDelegate]
17:12:42.564 [main] DEBUG org.springframework.test.context.BootstrapUtils - Instantiating BootstrapContext using constructor [public org.springframework.test.context.support.DefaultBootstrapContext(java.lang.Class,org.springframework.test.context.CacheAwareContextLoaderDelegate)]
17:12:42.595 [main] DEBUG org.springframework.test.context.BootstrapUtils - Instantiating TestContextBootstrapper for test class [com.prt.skilltechera.LoginregistrationApplicationTests] from class [org.springframework.boot.test.context.SpringBootTestContextBootstrapper]
17:12:42.595 [main] INFO org.springframework.boot.test.context.SpringBootTestContextBootstrapper - Neither @ContextConfiguration nor @ContextHierarchy found for test class [com.prt.skilltechera.LoginregistrationApplicationTests], using SpringBootContextLoader
17:12:42.595 [main] DEBUG org.springframework.test.context.support.AbstractContextLoader - Did not detect default resource location for test class [com.prt.skilltechera.LoginregistrationApplicationTests]: class path resource [com/prt/skilltechera/LoginregistrationApplicationTests-context.xml] does not exist
17:12:42.595 [main] DEBUG org.springframework.test.context.support.AbstractContextLoader - Did not detect default resource location for test class [com.prt.skilltechera.LoginregistrationApplicationTests]: class path resource [com/prt/skilltechera/LoginregistrationApplicationTestsContext.groovy] does not exist
17:12:42.595 [main] INFO org.springframework.test.context.support.AbstractContextLoader - Could not detect default resource locations for test class [com.prt.skilltechera.LoginregistrationApplicationTests]: no resource found for suffixes {-context.xml, Context.groovy}.
17:12:42.595 [main] INFO org.springframework.test.context.support.AnnotationConfigContextLoaderUtils - Could not detect default configuration classes for test class [com.prt.skilltechera.LoginregistrationApplicationTests]: LoginregistrationApplicationTests does not declare any static, non-private, non-final, nested classes annotated with @Configuration.
17:12:42.627 [main] DEBUG org.springframework.test.context.support.ActiveProfilesUtils - Could not find an 'annotation declaring class' for annotation type [org.springframework.test.context.ActiveProfiles] and class [com.prt.skilltechera.LoginregistrationApplicationTests]
17:12:42.658 [main] DEBUG org.springframework.context.annotation.ClassPathScanningCandidateComponentProvider - Identified candidate component class: file [C:\Users\PRT Software Solutio\IdeaProjects\loginregistration\loginregistration\target\classes\com\prt\skilltechera\LoginregistrationApplication.class]
17:12:42.658 [main] INFO org.springframework.boot.test.context.SpringBootTestContextBootstrapper - Found @SpringBootConfiguration com.prt.skilltechera.LoginregistrationApplication for test class com.prt.skilltechera.LoginregistrationApplicationTests
17:12:42.720 [main] DEBUG org.springframework.boot.test.context.SpringBootTestContextBootstrapper - @TestExecutionListeners is not present for class [com.prt.skilltechera.LoginregistrationApplicationTests]: using defaults.
17:12:42.720 [main] INFO org.springframework.boot.test.context.SpringBootTestContextBootstrapper - Loaded default TestExecutionListener class names from location [META-INF/spring.factories]: [org.springframework.boot.test.mock.mockito.MockitoTestExecutionListener, org.springframework.boot.test.mock.mockito.ResetMocksTestExecutionListener, org.springframework.boot.test.autoconfigure.restdocs.RestDocsTestExecutionListener, org.springframework.boot.test.autoconfigure.web.client.MockRestServiceServerResetTestExecutionListener, org.springframework.boot.test.autoconfigure.web.servlet.MockMvcPrintOnlyOnFailureTestExecutionListener, org.springframework.boot.test.autoconfigure.web.servlet.WebDriverTestExecutionListener, org.springframework.boot.test.autoconfigure.webservices.client.MockWebServiceServerTestExecutionListener, org.springframework.test.context.web.ServletTestExecutionListener, org.springframework.test.context.support.DirtiesContextBeforeModesTestExecutionListener, org.springframework.test.context.event.ApplicationEventsTestExecutionListener, org.springframework.test.context.support.DependencyInjectionTestExecutionListener, org.springframework.test.context.support.DirtiesContextTestExecutionListener, org.springframework.test.context.transaction.TransactionalTestExecutionListener, org.springframework.test.context.jdbc.SqlScriptsTestExecutionListener, org.springframework.test.context.event.EventPublishingTestExecutionListener]
17:12:42.720 [main] INFO org.springframework.boot.test.context.SpringBootTestContextBootstrapper - Using TestExecutionListeners: [org.springframework.test.context.web.ServletTestExecutionListener@23b3aa8c, org.springframework.test.context.support.DirtiesContextBeforeModesTestExecutionListener@99407c2, org.springframework.test.context.event.ApplicationEventsTestExecutionListener@6c796cc1, org.springframework.boot.test.mock.mockito.MockitoTestExecutionListener@226eba67, org.springframework.boot.test.autoconfigure.SpringBootDependencyInjectionTestExecutionListener@1cb7936c, org.springframework.test.context.support.DirtiesContextTestExecutionListener@35342d2f, org.springframework.test.context.transaction.TransactionalTestExecutionListener@128c502c, org.springframework.test.context.jdbc.SqlScriptsTestExecutionListener@45667d98, org.springframework.test.context.event.EventPublishingTestExecutionListener@65eabaab, org.springframework.boot.test.mock.mockito.ResetMocksTestExecutionListener@7123be6c, org.springframework.boot.test.autoconfigure.restdocs.RestDocsTestExecutionListener@1de9d54, org.springframework.boot.test.autoconfigure.web.client.MockRestServiceServerResetTestExecutionListener@77a2aa4a, org.springframework.boot.test.autoconfigure.web.servlet.MockMvcPrintOnlyOnFailureTestExecutionListener@47ad69f7, org.springframework.boot.test.autoconfigure.web.servlet.WebDriverTestExecutionListener@2b917fb0, org.springframework.boot.test.autoconfigure.webservices.client.MockWebServiceServerTestExecutionListener@5e5073ab]
17:12:42.720 [main] DEBUG org.springframework.test.context.support.AbstractDirtiesContextTestExecutionListener - Before test class: context [DefaultTestContext@3b90a30a testClass = LoginregistrationApplicationTests, testInstance = [null], testMethod = [null], testException = [null], mergedContextConfiguration = [WebMergedContextConfiguration@69fa8e76 testClass = LoginregistrationApplicationTests, locations = '{}', classes = '{class com.prt.skilltechera.LoginregistrationApplication}', contextInitializerClasses = '[]', activeProfiles = '{}', propertySourceLocations = '{}', propertySourceProperties = '{org.springframework.boot.test.context.SpringBootTestContextBootstrapper=true}', contextCustomizers = set[org.springframework.boot.test.context.filter.ExcludeFilterContextCustomizer@4bdc8b5d, org.springframework.boot.test.json.DuplicateJsonObjectContextCustomizerFactory$DuplicateJsonObjectContextCustomizer@c4c0b41, org.springframework.boot.test.mock.mockito.MockitoContextCustomizer@0, org.springframework.boot.test.web.client.TestRestTemplateContextCustomizer@11a7ba62, org.springframework.boot.test.autoconfigure.actuate.metrics.MetricsExportContextCustomizerFactory$DisableMetricExportContextCustomizer@7cedfa63, org.springframework.boot.test.autoconfigure.properties.PropertyMappingContextCustomizer@0, org.springframework.boot.test.autoconfigure.web.servlet.WebDriverContextCustomizerFactory$Customizer@66596a88, org.springframework.boot.test.context.SpringBootTestArgs@1, org.springframework.boot.test.context.SpringBootTestWebEnvironment@40e6dfe1], resourceBasePath = 'src/main/webapp', contextLoader = 'org.springframework.boot.test.context.SpringBootContextLoader', parent = [null]], attributes = map['org.springframework.test.context.web.ServletTestExecutionListener.activateListener' -> true]], class annotated with @DirtiesContext [false] with mode [null].

  .   ____          _            __ _ _
 /\\ / ___'_ __ _ _(_)_ __  __ _ \ \ \ \
( ( )\___ | '_ | '_| | '_ \/ _` | \ \ \ \
 \\/  ___)| |_)| | | | | || (_| |  ) ) ) )
  '  |____| .__|_| |_|_| |_\__, | / / / /
 =========|_|==============|___/=/_/_/_/
 :: Spring Boot ::               (v2.7.15)

2024-09-29 17:12:42.954  INFO 12624 --- [           main] c.p.s.LoginregistrationApplicationTests  : Starting LoginregistrationApplicationTests using Java 17.0.12 on LAPTOP-U9AG6R0C with PID 12624 (started by PRT Software Solutio in C:\Users\PRT Software Solutio\IdeaProjects\loginregistration\loginregistration)
2024-09-29 17:12:42.954  INFO 12624 --- [           main] c.p.s.LoginregistrationApplicationTests  : No active profile set, falling back to 1 default profile: "default"
2024-09-29 17:12:43.423  INFO 12624 --- [           main] .s.d.r.c.RepositoryConfigurationDelegate : Bootstrapping Spring Data JPA repositories in DEFAULT mode.
2024-09-29 17:12:43.470  INFO 12624 --- [           main] .s.d.r.c.RepositoryConfigurationDelegate : Finished Spring Data repository scanning in 41 ms. Found 3 JPA repository interfaces.
2024-09-29 17:12:43.924  INFO 12624 --- [           main] o.hibernate.jpa.internal.util.LogHelper  : HHH000204: Processing PersistenceUnitInfo [name: default]
2024-09-29 17:12:43.956  INFO 12624 --- [           main] org.hibernate.Version                    : HHH000412: Hibernate ORM core version 5.6.15.Final
2024-09-29 17:12:43.987  INFO 12624 --- [           main] o.hibernate.annotations.common.Version   : HCANN000001: Hibernate Commons Annotations {5.1.2.Final}
2024-09-29 17:12:44.127  INFO 12624 --- [           main] com.zaxxer.hikari.HikariDataSource       : HikariPool-1 - Starting...
2024-09-29 17:12:44.268  INFO 12624 --- [           main] com.zaxxer.hikari.HikariDataSource       : HikariPool-1 - Start completed.
2024-09-29 17:12:44.284  INFO 12624 --- [           main] org.hibernate.dialect.Dialect            : HHH000400: Using dialect: org.hibernate.dialect.PostgreSQLDialect
2024-09-29 17:12:44.691  INFO 12624 --- [           main] o.h.e.t.j.p.i.JtaPlatformInitiator       : HHH000490: Using JtaPlatform implementation: [org.hibernate.engine.transaction.jta.platform.internal.NoJtaPlatform]
2024-09-29 17:12:44.691  INFO 12624 --- [           main] j.LocalContainerEntityManagerFactoryBean : Initialized JPA EntityManagerFactory for persistence unit 'default'
2024-09-29 17:12:45.114  WARN 12624 --- [           main] JpaBaseConfiguration$JpaWebConfiguration : spring.jpa.open-in-view is enabled by default. Therefore, database queries may be performed during view rendering. Explicitly configure spring.jpa.open-in-view to disable this warning
2024-09-29 17:12:45.333  INFO 12624 --- [           main] o.s.s.web.DefaultSecurityFilterChain     : Will secure any request with [org.springframework.security.web.session.DisableEncodeUrlFilter@37a14aa1, org.springframework.security.web.context.request.async.WebAsyncManagerIntegrationFilter@6ac4f31d, org.springframework.security.web.context.SecurityContextPersistenceFilter@7b43f95c, org.springframework.security.web.header.HeaderWriterFilter@16602333, org.springframework.security.web.authentication.logout.LogoutFilter@1e2c0292, com.prt.skilltechera.security.JwtTokenFilter@a0bdbe2, org.springframework.security.web.savedrequest.RequestCacheAwareFilter@2dd4a7a9, org.springframework.security.web.servletapi.SecurityContextHolderAwareRequestFilter@31a80c88, org.springframework.security.web.authentication.AnonymousAuthenticationFilter@106f2425, org.springframework.security.web.session.SessionManagementFilter@17c72ffa, org.springframework.security.web.access.ExceptionTranslationFilter@5b8599c7, org.springframework.security.web.access.intercept.FilterSecurityInterceptor@36ce0bc2]
2024-09-29 17:12:45.912  INFO 12624 --- [           main] c.p.s.LoginregistrationApplicationTests  : Started LoginregistrationApplicationTests in 3.165 seconds (JVM running for 4.239)
]]></system-out>
  </testcase>
</testsuite>